Using pre-set license
Built from '2020.3/staging' branch; Version is '2020.3.20f1 (41c4e627c95f) revision 4310246'; Using compiler version '192528614'; Build Type 'Release'
OS: 'Windows 10 Pro; OS build 18363.1440; Version 1909; 64bit' Language: 'zh' Physical Memory: 16310 MB
BatchMode: 1, IsHumanControllingUs: 0, StartBugReporterOnCrash: 0, Is64bit: 1, IsPro: 0

COMMAND LINE ARGUMENTS:
D:\Program Files\Unity\hub\2020.3.20f1\Editor\Unity.exe
-adb2
-batchMode
-noUpm
-name
AssetImportWorker0
-projectPath
D:/derek Fukuyama/Documents/unity/RollerBall
-logFile
Logs/AssetImportWorker0.log
-srvPort
61591
Successfully changed project path to: D:/derek Fukuyama/Documents/unity/RollerBall
D:/derek Fukuyama/Documents/unity/RollerBall
Using Asset Import Pipeline V2.
Refreshing native plugins compatible for Editor in 34.37 ms, found 3 plugins.
Preloading 0 native plugins for Editor in 0.00 ms.
Initialize engine version: 2020.3.20f1 (41c4e627c95f)
[Subsystems] Discovering subsystems at path D:/Program Files/Unity/hub/2020.3.20f1/Editor/Data/Resources/UnitySubsystems
[Subsystems] Discovering subsystems at path D:/derek Fukuyama/Documents/unity/RollerBall/Assets
GfxDevice: creating device client; threaded=0
Direct3D:
    Version:  Direct3D 11.0 [level 11.1]
    Renderer: NVIDIA GeForce GTX 1070 (ID=0x1b81)
    Vendor:   
    VRAM:     8088 MB
    Driver:   30.0.14.7141
Initialize mono
Mono path[0] = 'D:/Program Files/Unity/hub/2020.3.20f1/Editor/Data/Managed'
Mono path[1] = 'D:/Program Files/Unity/hub/2020.3.20f1/Editor/Data/MonoBleedingEdge/lib/mono/unityjit'
Mono config path = 'D:/Program Files/Unity/hub/2020.3.20f1/Editor/Data/MonoBleedingEdge/etc'
Using monoOptions --debugger-agent=transport=dt_socket,embedding=1,server=y,suspend=n,address=127.0.0.1:56512
Begin MonoManager ReloadAssembly
Registering precompiled unity dll's ...
Register platform support module: D:/Program Files/Unity/hub/2020.3.20f1/Editor/Data/PlaybackEngines/WindowsStandaloneSupport/UnityEditor.WindowsStandalone.Extensions.dll
Registered in 0.000857 seconds.
Native extension for WindowsStandalone target not found
Refreshing native plugins compatible for Editor in 32.43 ms, found 3 plugins.
Preloading 0 native plugins for Editor in 0.00 ms.
Mono: successfully reloaded assembly
- Completed reload, in  0.983 seconds
Domain Reload Profiling:
	ReloadAssembly (983ms)
		BeginReloadAssembly (52ms)
			ExecutionOrderSort (0ms)
			DisableScriptedObjects (0ms)
			BackupInstance (0ms)
			ReleaseScriptingObjects (0ms)
			CreateAndSetChildDomain (1ms)
		EndReloadAssembly (365ms)
			LoadAssemblies (51ms)
			RebuildTransferFunctionScriptingTraits (0ms)
			SetupTypeCache (132ms)
			ReleaseScriptCaches (0ms)
			RebuildScriptCaches (26ms)
			SetupLoadedEditorAssemblies (150ms)
				LogAssemblyErrors (0ms)
				InitializePlatformSupportModulesInManaged (3ms)
				SetLoadedEditorAssemblies (0ms)
				RefreshPlugins (33ms)
				BeforeProcessingInitializeOnLoad (8ms)
				ProcessInitializeOnLoadAttributes (77ms)
				ProcessInitializeOnLoadMethodAttributes (28ms)
				AfterProcessingInitializeOnLoad (0ms)
				EditorAssembliesLoaded (0ms)
			ExecutionOrderSort2 (0ms)
			AwakeInstancesAfterBackupRestoration (0ms)
Platform modules already initialized, skipping
Registering precompiled user dll's ...
Registered in 0.005241 seconds.
Begin MonoManager ReloadAssembly
Native extension for WindowsStandalone target not found
Refreshing native plugins compatible for Editor in 32.24 ms, found 3 plugins.
Preloading 0 native plugins for Editor in 0.00 ms.
Mono: successfully reloaded assembly
- Completed reload, in  1.540 seconds
Domain Reload Profiling:
	ReloadAssembly (1541ms)
		BeginReloadAssembly (142ms)
			ExecutionOrderSort (0ms)
			DisableScriptedObjects (5ms)
			BackupInstance (0ms)
			ReleaseScriptingObjects (0ms)
			CreateAndSetChildDomain (23ms)
		EndReloadAssembly (1339ms)
			LoadAssemblies (98ms)
			RebuildTransferFunctionScriptingTraits (0ms)
			SetupTypeCache (299ms)
			ReleaseScriptCaches (1ms)
			RebuildScriptCaches (40ms)
			SetupLoadedEditorAssemblies (812ms)
				LogAssemblyErrors (0ms)
				InitializePlatformSupportModulesInManaged (3ms)
				SetLoadedEditorAssemblies (0ms)
				RefreshPlugins (32ms)
				BeforeProcessingInitializeOnLoad (50ms)
				ProcessInitializeOnLoadAttributes (721ms)
				ProcessInitializeOnLoadMethodAttributes (4ms)
				AfterProcessingInitializeOnLoad (2ms)
				EditorAssembliesLoaded (0ms)
			ExecutionOrderSort2 (0ms)
			AwakeInstancesAfterBackupRestoration (5ms)
Platform modules already initialized, skipping
========================================================================
Worker process is ready to serve import requests
Launched and connected shader compiler UnityShaderCompiler.exe after 0.09 seconds
Refreshing native plugins compatible for Editor in 0.76 ms, found 3 plugins.
Preloading 0 native plugins for Editor in 0.00 ms.
Unloading 1974 Unused Serialized files (Serialized files now loaded: 0)
System memory in use before: 91.0 MB.
System memory in use after: 91.1 MB.

Unloading 30 unused Assets to reduce memory usage. Loaded Objects now: 2397.
Total: 2.787700 ms (FindLiveObjects: 0.223900 ms CreateObjectMapping: 0.041800 ms MarkObjects: 2.450600 ms  DeleteObjects: 0.070200 ms)

AssetImportParameters requested are different than current active one (requested -> active):
  custom:framework-win-MediaFoundation: 216162199b28c13a410421893ffa2e32 -> 
  custom:video-decoder-ogg-theora: a1e56fd34408186e4bbccfd4996cb3dc -> 
  custom:container-muxer-webm: aa71ff27fc2769a1b78a27578f13a17b -> 
  custom:container-demuxer-webm: 4f35f7cbe854078d1ac9338744f61a02 -> 
  custom:container-demuxer-ogg: 62fdf1f143b41e24485cea50d1cbac27 -> 
  custom:video-encoder-webm-vp8: eb34c28f22e8b96e1ab97ce403110664 -> 
  custom:video-decoder-webm-vp8: 9c59270c3fd7afecdb556c50c9e8de78 -> 
  custom:audio-decoder-ogg-vorbis: bf7c407c2cedff20999df2af8eb42d56 -> 
  custom:audio-encoder-webm-vorbis: bf7c407c2cedff20999df2af8eb42d56 -> 
========================================================================
Received Import Request.
  path: Packages/com.unity.ml-agents/package.json
  artifactKey: Guid(e13b73fbfc8e74e4d87af46bf55d7df6) Importer(815301076,1909f56bfc062723c751e8b465ee728b)
Start importing Packages/com.unity.ml-agents/package.json using Guid(e13b73fbfc8e74e4d87af46bf55d7df6) Importer(815301076,1909f56bfc062723c751e8b465ee728b)  -> (artifact id: '8f837e284b16fe402cb8b47560b8418d') in 0.040447 seconds 
  Import took 0.043554 seconds .

========================================================================
Received Import Request.
  Time since last request: 205.825819 seconds.
  path: Packages/com.unity.ml-agents/Gray.mat
  artifactKey: Guid(f287c428314d7604ea72828d11bf5d2a) Importer(815301076,1909f56bfc062723c751e8b465ee728b)
Start importing Packages/com.unity.ml-agents/Gray.mat using Guid(f287c428314d7604ea72828d11bf5d2a) Importer(815301076,1909f56bfc062723c751e8b465ee728b)  -> (artifact id: 'f83d5dac28b38477f56a7b95be45d216') in 0.066759 seconds 
  Import took 0.069817 seconds .

========================================================================
Received Import Request.
  Time since last request: 57.103179 seconds.
  path: Packages/com.unity.ml-agents/Brown.mat
  artifactKey: Guid(e6ae9dc0be1889f499d679c900214d42) Importer(815301076,1909f56bfc062723c751e8b465ee728b)
Start importing Packages/com.unity.ml-agents/Brown.mat using Guid(e6ae9dc0be1889f499d679c900214d42) Importer(815301076,1909f56bfc062723c751e8b465ee728b)  -> (artifact id: 'fe8c739625f7173eb70066a4c84cf5f5') in 0.016199 seconds 
  Import took 0.019070 seconds .

========================================================================
Received Import Request.
  Time since last request: 23.892512 seconds.
  path: Assets/Packages_com.unity.ml-agents_New Render Texture.renderTexture
  artifactKey: Guid(141e8a8be27b12e4ebcbb83aa6712332) Importer(815301076,1909f56bfc062723c751e8b465ee728b)
Start importing Assets/Packages_com.unity.ml-agents_New Render Texture.renderTexture using Guid(141e8a8be27b12e4ebcbb83aa6712332) Importer(815301076,1909f56bfc062723c751e8b465ee728b)  -> (artifact id: 'c2a07509e94b12b842463025025f972c') in 0.016706 seconds 
  Import took 0.019552 seconds .

========================================================================
Received Import Request.
  Time since last request: 8.547929 seconds.
  path: Assets/New Material.mat
  artifactKey: Guid(f8c6e433c0d6da949889e098dbef8e18) Importer(815301076,1909f56bfc062723c751e8b465ee728b)
Start importing Assets/New Material.mat using Guid(f8c6e433c0d6da949889e098dbef8e18) Importer(815301076,1909f56bfc062723c751e8b465ee728b)  -> (artifact id: 'ea1497c5aa306da28bcba30a95088d01') in 0.015126 seconds 
  Import took 0.018041 seconds .

========================================================================
Received Import Request.
  Time since last request: 5.115906 seconds.
  path: Assets/Scenes
  artifactKey: Guid(616675b9aad882449b2fddcda1113731) Importer(815301076,1909f56bfc062723c751e8b465ee728b)
Start importing Assets/Scenes using Guid(616675b9aad882449b2fddcda1113731) Importer(815301076,1909f56bfc062723c751e8b465ee728b)  -> (artifact id: '2105e5d2a4e37a632e05144bf5f2663a') in 0.006503 seconds 
  Import took 0.009452 seconds .

========================================================================
Received Import Request.
  Time since last request: 5.704643 seconds.
  path: Packages/com.unity.barracuda/package.json
  artifactKey: Guid(73ae2d877fd444b04b5b6ef591d3fa0e) Importer(815301076,1909f56bfc062723c751e8b465ee728b)
Start importing Packages/com.unity.barracuda/package.json using Guid(73ae2d877fd444b04b5b6ef591d3fa0e) Importer(815301076,1909f56bfc062723c751e8b465ee728b)  -> (artifact id: '539c5a11f405052436865388f060aa0f') in 0.008664 seconds 
  Import took 0.011557 seconds .

========================================================================
Received Import Request.
  Time since last request: 0.600318 seconds.
  path: Packages/com.unity.burst/package.json
  artifactKey: Guid(5fb28db57db3325b95957fcfe1a0108b) Importer(815301076,1909f56bfc062723c751e8b465ee728b)
Start importing Packages/com.unity.burst/package.json using Guid(5fb28db57db3325b95957fcfe1a0108b) Importer(815301076,1909f56bfc062723c751e8b465ee728b)  -> (artifact id: 'edff42a99410e711eb38cf7076e7f97c') in 0.006697 seconds 
  Import took 0.009427 seconds .

========================================================================
Received Import Request.
  Time since last request: 0.278031 seconds.
  path: Packages/com.unity.mathematics/package.json
  artifactKey: Guid(d34d0af25c21141a98c0cf3c0066444f) Importer(815301076,1909f56bfc062723c751e8b465ee728b)
Start importing Packages/com.unity.mathematics/package.json using Guid(d34d0af25c21141a98c0cf3c0066444f) Importer(815301076,1909f56bfc062723c751e8b465ee728b)  -> (artifact id: 'b7f6355783ab6260c85dff4756b1c4b1') in 0.006850 seconds 
  Import took 0.009534 seconds .

========================================================================
Received Import Request.
  Time since last request: 0.284213 seconds.
  path: Packages/com.unity.test-framework/package.json
  artifactKey: Guid(d6a2e6e4803de7b43baacdc355fc144d) Importer(815301076,1909f56bfc062723c751e8b465ee728b)
Start importing Packages/com.unity.test-framework/package.json using Guid(d6a2e6e4803de7b43baacdc355fc144d) Importer(815301076,1909f56bfc062723c751e8b465ee728b)  -> (artifact id: '348d0090788821c173ed5a91192d97b9') in 0.024622 seconds 
  Import took 0.027736 seconds .

========================================================================
Received Import Request.
  Time since last request: 0.275964 seconds.
  path: Packages/com.unity.timeline/package.json
  artifactKey: Guid(13a9c1b4df2e489e8eb9cacca7429596) Importer(815301076,1909f56bfc062723c751e8b465ee728b)
Start importing Packages/com.unity.timeline/package.json using Guid(13a9c1b4df2e489e8eb9cacca7429596) Importer(815301076,1909f56bfc062723c751e8b465ee728b)  -> (artifact id: '82c6c08db8f434b9305b26de0687e812') in 0.016136 seconds 
  Import took 0.018903 seconds .

========================================================================
Received Import Request.
  Time since last request: 16.531012 seconds.
  path: Packages/com.unity.ml-agents/New Render Texture.renderTexture
  artifactKey: Guid(35f035278c6532c46b5cc37b6351414e) Importer(815301076,1909f56bfc062723c751e8b465ee728b)
Start importing Packages/com.unity.ml-agents/New Render Texture.renderTexture using Guid(35f035278c6532c46b5cc37b6351414e) Importer(815301076,1909f56bfc062723c751e8b465ee728b)  -> (artifact id: 'ea57151c1acb96b1ac42dd1948dbc4b0') in 0.008412 seconds 
  Import took 0.011104 seconds .

========================================================================
Received Import Request.
  Time since last request: 20.516691 seconds.
  path: Assets/Blue.mat
  artifactKey: Guid(7ef6c5c0edd38ab4d831b9e4eafe8f03) Importer(815301076,1909f56bfc062723c751e8b465ee728b)
Start importing Assets/Blue.mat using Guid(7ef6c5c0edd38ab4d831b9e4eafe8f03) Importer(815301076,1909f56bfc062723c751e8b465ee728b)  -> (artifact id: '6dd25c17a7575bdeff12ede17acf8ae2') in 0.010056 seconds 
  Import took 0.012748 seconds .

========================================================================
Received Import Request.
  Time since last request: 740.522496 seconds.
  path: Assets/Blue.mat
  artifactKey: Guid(7ef6c5c0edd38ab4d831b9e4eafe8f03) Importer(815301076,1909f56bfc062723c751e8b465ee728b)
Start importing Assets/Blue.mat using Guid(7ef6c5c0edd38ab4d831b9e4eafe8f03) Importer(815301076,1909f56bfc062723c751e8b465ee728b)  -> (artifact id: 'b3f1c7ccd9125f3a274def401a3f9563') in 0.010670 seconds 
  Import took 0.013632 seconds .

========================================================================
Received Import Request.
  Time since last request: 0.000144 seconds.
  path: Assets/Gray.mat
  artifactKey: Guid(f287c428314d7604ea72828d11bf5d2a) Importer(815301076,1909f56bfc062723c751e8b465ee728b)
Start importing Assets/Gray.mat using Guid(f287c428314d7604ea72828d11bf5d2a) Importer(815301076,1909f56bfc062723c751e8b465ee728b)  -> (artifact id: 'e5f3cd75ffad2170bde1c1b7672146c2') in 0.012501 seconds 
  Import took 0.014809 seconds .

========================================================================
Received Import Request.
  Time since last request: 0.000125 seconds.
  path: Assets/Brown.mat
  artifactKey: Guid(e6ae9dc0be1889f499d679c900214d42) Importer(815301076,1909f56bfc062723c751e8b465ee728b)
Start importing Assets/Brown.mat using Guid(e6ae9dc0be1889f499d679c900214d42) Importer(815301076,1909f56bfc062723c751e8b465ee728b)  -> (artifact id: 'da77d9d0cc2bb1c32cb5a47063fbad73') in 0.011535 seconds 
  Import took 0.014009 seconds .

AssetImportWorkerClient::OnTransportError - code=2 error=End of file
